<?xml version="1.0" encoding="UTF-8"?>
<!-- Generated by org.testng.reporters.JUnitXMLReporter -->
<testsuite hostname="gukeserl" ignored="0" name="Default test" tests="3" failures="0" timestamp="2020-08-19T07:25:40 IST" time="140.809" errors="0">
  <testcase name="selectLanguageTest" time="20.239" classname="olearning.hybrid.tests.TestRunner2"/>
  <testcase name="selectCoursesTest" time="44.222" classname="olearning.hybrid.tests.TestRunner2"/>
  <testcase name="playClassVideoTest" time="64.272" classname="olearning.hybrid.tests.TestRunner2"/>
</testsuite> <!-- Default test -->
