<?xml version="1.0" encoding="UTF-8"?>
<!-- Generated by org.testng.reporters.JUnitXMLReporter -->
<testsuite hostname="gukeserl" ignored="0" name="Test" tests="3" failures="0" timestamp="2020-08-19T08:40:18 IST" time="147.147" errors="0">
  <testcase name="selectLanguageTest" time="19.912" classname="olearning.hybrid.tests.TestRunner"/>
  <testcase name="selectCoursesTest" time="43.013" classname="olearning.hybrid.tests.TestRunner"/>
  <testcase name="playClassVideoTest" time="72.101" classname="olearning.hybrid.tests.TestRunner"/>
</testsuite> <!-- Test -->
