<?xml version="1.0" encoding="UTF-8"?>
<testng-results skipped="0" failed="0" ignored="0" total="3" passed="3">
  <reporter-output>
  </reporter-output>
  <suite name="Suite" duration-ms="147147" started-at="2020-08-19T08:37:51 IST" finished-at="2020-08-19T08:40:18 IST">
    <groups>
    </groups>
    <test name="Test" duration-ms="147147" started-at="2020-08-19T08:37:51 IST" finished-at="2020-08-19T08:40:18 IST">
      <class name="olearning.hybrid.tests.TestRunner">
        <test-method status="PASS" signature="loginTest()[pri:0, instance:olearning.hybrid.tests.TestRunner@87f383f]" name="loginTest" is-config="true" duration-ms="49100" started-at="2020-08-19T08:37:02 IST" finished-at="2020-08-19T08:37:51 IST">
          <reporter-output>
          </reporter-output>
        </test-method> <!-- loginTest -->
        <test-method status="PASS" signature="BeforeMethod()[pri:0, instance:olearning.hybrid.tests.TestRunner@87f383f]" name="BeforeMethod" is-config="true" duration-ms="2000" started-at="2020-08-19T08:37:51 IST" finished-at="2020-08-19T08:37:53 IST">
          <reporter-output>
          </reporter-output>
        </test-method> <!-- BeforeMethod -->
        <test-method status="PASS" signature="selectLanguageTest()[pri:0, instance:olearning.hybrid.tests.TestRunner@87f383f]" name="selectLanguageTest" duration-ms="19912" started-at="2020-08-19T08:37:53 IST" finished-at="2020-08-19T08:38:13 IST">
          <reporter-output>
          </reporter-output>
        </test-method> <!-- selectLanguageTest -->
        <test-method status="PASS" signature="AfterMethod()[pri:0, instance:olearning.hybrid.tests.TestRunner@87f383f]" name="AfterMethod" is-config="true" duration-ms="2001" started-at="2020-08-19T08:38:13 IST" finished-at="2020-08-19T08:38:15 IST">
          <reporter-output>
          </reporter-output>
        </test-method> <!-- AfterMethod -->
        <test-method status="PASS" signature="BeforeMethod()[pri:0, instance:olearning.hybrid.tests.TestRunner@87f383f]" name="BeforeMethod" is-config="true" duration-ms="2001" started-at="2020-08-19T08:38:15 IST" finished-at="2020-08-19T08:38:17 IST">
          <reporter-output>
          </reporter-output>
        </test-method> <!-- BeforeMethod -->
        <test-method status="PASS" signature="selectCoursesTest()[pri:1, instance:olearning.hybrid.tests.TestRunner@87f383f]" name="selectCoursesTest" duration-ms="43013" started-at="2020-08-19T08:38:17 IST" finished-at="2020-08-19T08:39:00 IST">
          <reporter-output>
          </reporter-output>
        </test-method> <!-- selectCoursesTest -->
        <test-method status="PASS" signature="AfterMethod()[pri:0, instance:olearning.hybrid.tests.TestRunner@87f383f]" name="AfterMethod" is-config="true" duration-ms="2002" started-at="2020-08-19T08:39:00 IST" finished-at="2020-08-19T08:39:02 IST">
          <reporter-output>
          </reporter-output>
        </test-method> <!-- AfterMethod -->
        <test-method status="PASS" signature="BeforeMethod()[pri:0, instance:olearning.hybrid.tests.TestRunner@87f383f]" name="BeforeMethod" is-config="true" duration-ms="2002" started-at="2020-08-19T08:39:02 IST" finished-at="2020-08-19T08:39:04 IST">
          <reporter-output>
          </reporter-output>
        </test-method> <!-- BeforeMethod -->
        <test-method status="PASS" signature="playClassVideoTest()[pri:2, instance:olearning.hybrid.tests.TestRunner@87f383f]" name="playClassVideoTest" duration-ms="72101" started-at="2020-08-19T08:39:04 IST" finished-at="2020-08-19T08:40:16 IST">
          <reporter-output>
          </reporter-output>
        </test-method> <!-- playClassVideoTest -->
        <test-method status="PASS" signature="AfterMethod()[pri:0, instance:olearning.hybrid.tests.TestRunner@87f383f]" name="AfterMethod" is-config="true" duration-ms="2001" started-at="2020-08-19T08:40:16 IST" finished-at="2020-08-19T08:40:18 IST">
          <reporter-output>
          </reporter-output>
        </test-method> <!-- AfterMethod -->
        <test-method status="PASS" signature="logoutTest()[pri:0, instance:olearning.hybrid.tests.TestRunner@87f383f]" name="logoutTest" is-config="true" duration-ms="7914" started-at="2020-08-19T08:40:18 IST" finished-at="2020-08-19T08:40:26 IST">
          <reporter-output>
          </reporter-output>
        </test-method> <!-- logoutTest -->
      </class> <!-- olearning.hybrid.tests.TestRunner -->
    </test> <!-- Test -->
  </suite> <!-- Suite -->
</testng-results>
